<?xml version="1.0" encoding="UTF-8"?>
<!-- Generated by org.testng.reporters.JUnitReportReporter -->
<testsuite hostname="LAPTOP-IE6GG9DH" failures="0" tests="1" name="firstProgram.FirstProgram1" time="0.121" errors="0" timestamp="2024-08-24T14:00:45 IST" skipped="0">
  <testcase classname="firstProgram.FirstProgram1" name="n" time="0.121"/>
  <system-out>
    <![CDATA[Hello]]>
  </system-out>
</testsuite> <!-- firstProgram.FirstProgram1 -->
