<?xml version="1.0" encoding="UTF-8"?>
<!-- Generated by org.testng.reporters.JUnitReportReporter -->
<testsuite hostname="LAPTOP-IE6GG9DH" failures="0" tests="1" name="login.LoginProgram" time="4.030" errors="0" timestamp="2024-08-24T19:58:30 IST" skipped="0">
  <testcase classname="login.LoginProgram" name="loginTest" time="4.030"/>
  <system-out/>
</testsuite> <!-- login.LoginProgram -->
