<?xml version="1.0" encoding="UTF-8"?>
<!-- Generated by org.testng.reporters.JUnitReportReporter -->
<testsuite hostname="LAPTOP-IE6GG9DH" failures="0" tests="1" name="POM.P2" time="5.155" errors="0" timestamp="2024-08-24T21:06:22 IST" skipped="0">
  <testcase classname="POM.P2" name="parameter" time="5.155"/>
  <system-out/>
</testsuite> <!-- POM.P2 -->
