<?xml version="1.0" encoding="UTF-8"?>
<!-- Generated by org.testng.reporters.JUnitReportReporter -->
<testsuite hostname="LAPTOP-IE6GG9DH" failures="0" tests="1" name="logout.Logout" time="3.761" errors="0" timestamp="2024-08-24T19:54:43 IST" skipped="0">
  <testcase classname="logout.Logout" name="login" time="3.761"/>
  <system-out/>
</testsuite> <!-- logout.Logout -->
